{"message":"Failed! failed to connect to server [localhost:27017] on first connect [MongoNetworkError: getaddrinfo ENOTFOUND localhost localhost:27017]","level":"error"}
{"name":"MongoNetworkError","errorLabels":["TransientTransactionError"],"level":"info","message":"Could not connect to Mongodbfailed to connect to server [localhost:27017] on first connect [MongoNetworkError: getaddrinfo ENOTFOUND localhost localhost:27017]","stack":"MongoNetworkError: failed to connect to server [localhost:27017] on first connect [MongoNetworkError: getaddrinfo ENOTFOUND localhost localhost:27017]\n    at Pool.<anonymous> (/Users/karlmusingo/Applications/tech-community/node_modules/mongodb/lib/core/topologies/server.js:431:11)\n    at Pool.emit (events.js:189:13)\n    at createConnection (/Users/karlmusingo/Applications/tech-community/node_modules/mongodb/lib/core/connection/pool.js:559:14)\n    at connect (/Users/karlmusingo/Applications/tech-community/node_modules/mongodb/lib/core/connection/pool.js:973:11)\n    at makeConnection (/Users/karlmusingo/Applications/tech-community/node_modules/mongodb/lib/core/connection/connect.js:39:11)\n    at callback (/Users/karlmusingo/Applications/tech-community/node_modules/mongodb/lib/core/connection/connect.js:261:5)\n    at Socket.err (/Users/karlmusingo/Applications/tech-community/node_modules/mongodb/lib/core/connection/connect.js:286:7)\n    at Object.onceWrapper (events.js:277:13)\n    at Socket.emit (events.js:189:13)\n    at emitErrorNT (internal/streams/destroy.js:82:8)\n    at emitErrorAndCloseNT (internal/streams/destroy.js:50:3)\n    at process._tickCallback (internal/process/next_tick.js:63:19)"}
{"name":"MongoNetworkError","errorLabels":["TransientTransactionError"],"level":"info","message":"Could not connect to Mongodbfailed to connect to server [localhost:27017] on first connect [MongoNetworkError: getaddrinfo ENOTFOUND localhost localhost:27017]","stack":"MongoNetworkError: failed to connect to server [localhost:27017] on first connect [MongoNetworkError: getaddrinfo ENOTFOUND localhost localhost:27017]\n    at Pool.<anonymous> (/Users/karlmusingo/Applications/tech-community/node_modules/mongodb/lib/core/topologies/server.js:431:11)\n    at Pool.emit (events.js:189:13)\n    at createConnection (/Users/karlmusingo/Applications/tech-community/node_modules/mongodb/lib/core/connection/pool.js:559:14)\n    at connect (/Users/karlmusingo/Applications/tech-community/node_modules/mongodb/lib/core/connection/pool.js:973:11)\n    at makeConnection (/Users/karlmusingo/Applications/tech-community/node_modules/mongodb/lib/core/connection/connect.js:39:11)\n    at callback (/Users/karlmusingo/Applications/tech-community/node_modules/mongodb/lib/core/connection/connect.js:261:5)\n    at Socket.err (/Users/karlmusingo/Applications/tech-community/node_modules/mongodb/lib/core/connection/connect.js:286:7)\n    at Object.onceWrapper (events.js:277:13)\n    at Socket.emit (events.js:189:13)\n    at emitErrorNT (internal/streams/destroy.js:82:8)\n    at emitErrorAndCloseNT (internal/streams/destroy.js:50:3)\n    at process._tickCallback (internal/process/next_tick.js:63:19)"}
{"message":"Listening on port: 5000","level":"info"}
{"message":"Mongodb connected","level":"info"}
{"message":"Listening on port: 5000","level":"info"}
{"message":"Mongodb connected","level":"info"}
{"message":"Listening on port: 5000","level":"info"}
{"message":"Mongodb connected","level":"info"}
{"message":"Listening on port: 5000","level":"info"}
{"message":"Mongodb connected","level":"info"}
{"message":"Listening on port: 5000","level":"info"}
{"message":"Mongodb connected","level":"info"}
{"message":"Seeding started!","level":"info"}
{"message":"Province ajouter","level":"info"}
{"message":"Province ajouter","level":"info"}
{"message":"Province ajouter","level":"info"}
{"message":"Province ajouter","level":"info"}
{"message":"Province ajouter","level":"info"}
{"message":"Province ajouter","level":"info"}
{"message":"Province ajouter","level":"info"}
{"message":"Province ajouter","level":"info"}
{"message":"Province ajouter","level":"info"}
{"message":"Province ajouter","level":"info"}
{"message":"Province ajouter","level":"info"}
{"message":"Province ajouter","level":"info"}
{"message":"Province ajouter","level":"info"}
{"message":"Province ajouter","level":"info"}
{"message":"Province ajouter","level":"info"}
{"message":"Province ajouter","level":"info"}
{"message":"Province ajouter","level":"info"}
{"message":"Province ajouter","level":"info"}
{"message":"Province ajouter","level":"info"}
{"message":"Province ajouter","level":"info"}
{"message":"Province ajouter","level":"info"}
{"message":"Province ajouter","level":"info"}
{"message":"Province ajouter","level":"info"}
{"message":"Province ajouter","level":"info"}
{"message":"Province ajouter","level":"info"}
{"message":"Province ajouter","level":"info"}
{"message":"Seeding started!","level":"info"}
{"message":"Province ajouter","level":"info"}
{"message":"Seeding started!","level":"info"}
{"message":"Province ajouter","level":"info"}
{"message":"Seeding started!","level":"info"}
{"message":"Seeding started!","level":"info"}
{"message":"Province ajouter","level":"info"}
{"message":"Seeding started!","level":"info"}
{"message":"Province ajouter","level":"info"}
{"message":"Seeding started!","level":"info"}
{"message":"Seeding started!","level":"info"}
{"message":"Seeding started!","level":"info"}
{"message":"Seeding started!","level":"info"}
{"message":"Province ajouter","level":"info"}
{"message":"Seeding started!","level":"info"}
{"message":"Province ajouter","level":"info"}
{"message":"Seeding started!","level":"info"}
{"message":"Seeding started!","level":"info"}
{"message":"Province ajouter","level":"info"}
{"message":"Seeding started!","level":"info"}
{"message":"Seeding started!","level":"info"}
{"message":"Seeding started!","level":"info"}
{"message":"Seeding started!","level":"info"}
{"message":"Seeding started!","level":"info"}
{"message":"Seeding ended!","level":"info"}
{"message":"Seeding started!","level":"info"}
{"message":"Seeding ended!","level":"info"}
{"message":"Seeding started!","level":"info"}
{"message":"Seeding ended!","level":"info"}
{"message":"Seeding started!","level":"info"}
{"message":"Seeding ended!","level":"info"}
{"message":"Listening on port: 5000","level":"info"}
{"name":"MongoTimeoutError","reason":{"name":"MongoNetworkError","errorLabels":["TransientTransactionError"]},"level":"info","message":"Could not connect to MongodbServer selection timed out after 30000 ms","stack":"MongoTimeoutError: Server selection timed out after 30000 ms\n    at Timeout.setTimeout (/Users/karlmusingo/Applications/drc-provinces-api/node_modules/mongodb/lib/core/sdam/topology.js:878:9)\n    at ontimeout (timers.js:436:11)\n    at tryOnTimeout (timers.js:300:5)\n    at listOnTimeout (timers.js:263:5)\n    at Timer.processTimers (timers.js:223:10)"}
{"message":"Seeding started!","level":"info"}
{"message":"Seeding ended!","level":"info"}
